mode: set
github.com/aegisgatesecurity/aegisgate-platform/pkg/mcpserver/guardrails.go:76.58,83.2 1 0
github.com/aegisgatesecurity/aegisgate-platform/pkg/mcpserver/guardrails.go:120.71,123.18 2 0
github.com/aegisgatesecurity/aegisgate-platform/pkg/mcpserver/guardrails.go:123.18,131.3 1 0
github.com/aegisgatesecurity/aegisgate-platform/pkg/mcpserver/guardrails.go:133.2,139.3 1 0
github.com/aegisgatesecurity/aegisgate-platform/pkg/mcpserver/guardrails.go:148.80,149.23 1 0
github.com/aegisgatesecurity/aegisgate-platform/pkg/mcpserver/guardrails.go:149.23,151.3 1 0
github.com/aegisgatesecurity/aegisgate-platform/pkg/mcpserver/guardrails.go:153.2,154.21 2 0
github.com/aegisgatesecurity/aegisgate-platform/pkg/mcpserver/guardrails.go:154.21,158.3 2 0
github.com/aegisgatesecurity/aegisgate-platform/pkg/mcpserver/guardrails.go:160.2,161.35 2 0
github.com/aegisgatesecurity/aegisgate-platform/pkg/mcpserver/guardrails.go:161.35,165.29 3 0
github.com/aegisgatesecurity/aegisgate-platform/pkg/mcpserver/guardrails.go:165.29,167.4 1 0
github.com/aegisgatesecurity/aegisgate-platform/pkg/mcpserver/guardrails.go:168.3,168.13 1 0
github.com/aegisgatesecurity/aegisgate-platform/pkg/mcpserver/guardrails.go:171.2,172.12 2 0
github.com/aegisgatesecurity/aegisgate-platform/pkg/mcpserver/guardrails.go:176.66,177.23 1 0
github.com/aegisgatesecurity/aegisgate-platform/pkg/mcpserver/guardrails.go:177.23,179.3 1 0
github.com/aegisgatesecurity/aegisgate-platform/pkg/mcpserver/guardrails.go:181.2,184.48 3 0
github.com/aegisgatesecurity/aegisgate-platform/pkg/mcpserver/guardrails.go:184.48,190.3 5 0
github.com/aegisgatesecurity/aegisgate-platform/pkg/mcpserver/guardrails.go:194.71,213.2 7 0
github.com/aegisgatesecurity/aegisgate-platform/pkg/mcpserver/guardrails.go:221.76,222.23 1 0
github.com/aegisgatesecurity/aegisgate-platform/pkg/mcpserver/guardrails.go:222.23,224.3 1 0
github.com/aegisgatesecurity/aegisgate-platform/pkg/mcpserver/guardrails.go:226.2,227.18 2 0
github.com/aegisgatesecurity/aegisgate-platform/pkg/mcpserver/guardrails.go:227.18,231.3 2 0
github.com/aegisgatesecurity/aegisgate-platform/pkg/mcpserver/guardrails.go:233.2,237.13 4 0
github.com/aegisgatesecurity/aegisgate-platform/pkg/mcpserver/guardrails.go:237.13,241.3 2 0
github.com/aegisgatesecurity/aegisgate-platform/pkg/mcpserver/guardrails.go:243.2,244.37 2 0
github.com/aegisgatesecurity/aegisgate-platform/pkg/mcpserver/guardrails.go:244.37,248.29 3 0
github.com/aegisgatesecurity/aegisgate-platform/pkg/mcpserver/guardrails.go:248.29,254.4 1 0
github.com/aegisgatesecurity/aegisgate-platform/pkg/mcpserver/guardrails.go:255.3,255.13 1 0
github.com/aegisgatesecurity/aegisgate-platform/pkg/mcpserver/guardrails.go:258.2,259.12 2 0
github.com/aegisgatesecurity/aegisgate-platform/pkg/mcpserver/guardrails.go:265.112,266.23 1 0
github.com/aegisgatesecurity/aegisgate-platform/pkg/mcpserver/guardrails.go:266.23,267.22 1 0
github.com/aegisgatesecurity/aegisgate-platform/pkg/mcpserver/guardrails.go:267.23,267.24 0 0
github.com/aegisgatesecurity/aegisgate-platform/pkg/mcpserver/guardrails.go:270.2,271.20 2 0
github.com/aegisgatesecurity/aegisgate-platform/pkg/mcpserver/guardrails.go:271.20,273.22 1 0
github.com/aegisgatesecurity/aegisgate-platform/pkg/mcpserver/guardrails.go:273.23,273.24 0 0
github.com/aegisgatesecurity/aegisgate-platform/pkg/mcpserver/guardrails.go:276.2,277.42 2 0
github.com/aegisgatesecurity/aegisgate-platform/pkg/mcpserver/guardrails.go:281.78,286.12 4 0
github.com/aegisgatesecurity/aegisgate-platform/pkg/mcpserver/guardrails.go:286.12,294.3 3 0
github.com/aegisgatesecurity/aegisgate-platform/pkg/mcpserver/guardrails.go:296.2,300.55 3 0
github.com/aegisgatesecurity/aegisgate-platform/pkg/mcpserver/guardrails.go:311.79,312.23 1 0
github.com/aegisgatesecurity/aegisgate-platform/pkg/mcpserver/guardrails.go:312.23,314.3 1 0
github.com/aegisgatesecurity/aegisgate-platform/pkg/mcpserver/guardrails.go:316.2,317.17 2 0
github.com/aegisgatesecurity/aegisgate-platform/pkg/mcpserver/guardrails.go:317.17,320.3 1 0
github.com/aegisgatesecurity/aegisgate-platform/pkg/mcpserver/guardrails.go:322.2,326.12 4 0
github.com/aegisgatesecurity/aegisgate-platform/pkg/mcpserver/guardrails.go:326.12,329.3 2 0
github.com/aegisgatesecurity/aegisgate-platform/pkg/mcpserver/guardrails.go:331.2,331.31 1 0
github.com/aegisgatesecurity/aegisgate-platform/pkg/mcpserver/guardrails.go:331.31,338.3 1 0
github.com/aegisgatesecurity/aegisgate-platform/pkg/mcpserver/guardrails.go:348.73,349.23 1 0
github.com/aegisgatesecurity/aegisgate-platform/pkg/mcpserver/guardrails.go:349.23,351.3 1 0
github.com/aegisgatesecurity/aegisgate-platform/pkg/mcpserver/guardrails.go:353.2,354.13 2 0
github.com/aegisgatesecurity/aegisgate-platform/pkg/mcpserver/guardrails.go:354.13,357.3 1 0
github.com/aegisgatesecurity/aegisgate-platform/pkg/mcpserver/guardrails.go:359.2,366.42 6 0
github.com/aegisgatesecurity/aegisgate-platform/pkg/mcpserver/guardrails.go:366.42,373.3 2 0
github.com/aegisgatesecurity/aegisgate-platform/pkg/mcpserver/guardrails.go:375.2,376.31 2 0
github.com/aegisgatesecurity/aegisgate-platform/pkg/mcpserver/guardrails.go:376.31,382.29 5 0
github.com/aegisgatesecurity/aegisgate-platform/pkg/mcpserver/guardrails.go:382.29,389.4 1 0
github.com/aegisgatesecurity/aegisgate-platform/pkg/mcpserver/guardrails.go:390.3,390.13 1 0
github.com/aegisgatesecurity/aegisgate-platform/pkg/mcpserver/guardrails.go:393.2,393.12 1 0
github.com/aegisgatesecurity/aegisgate-platform/pkg/mcpserver/guardrails.go:398.50,403.41 4 0
github.com/aegisgatesecurity/aegisgate-platform/pkg/mcpserver/guardrails.go:403.41,404.32 1 0
github.com/aegisgatesecurity/aegisgate-platform/pkg/mcpserver/guardrails.go:404.32,406.4 1 0
github.com/aegisgatesecurity/aegisgate-platform/pkg/mcpserver/guardrails.go:413.56,418.38 4 0
github.com/aegisgatesecurity/aegisgate-platform/pkg/mcpserver/guardrails.go:418.38,420.3 1 0
github.com/aegisgatesecurity/aegisgate-platform/pkg/mcpserver/guardrails.go:430.148,431.82 1 0
github.com/aegisgatesecurity/aegisgate-platform/pkg/mcpserver/guardrails.go:431.82,433.24 1 0
github.com/aegisgatesecurity/aegisgate-platform/pkg/mcpserver/guardrails.go:433.24,435.4 1 0
github.com/aegisgatesecurity/aegisgate-platform/pkg/mcpserver/guardrails.go:439.3,439.38 1 0
github.com/aegisgatesecurity/aegisgate-platform/pkg/mcpserver/guardrails.go:439.38,441.57 2 0
github.com/aegisgatesecurity/aegisgate-platform/pkg/mcpserver/guardrails.go:441.57,443.5 1 0
github.com/aegisgatesecurity/aegisgate-platform/pkg/mcpserver/guardrails.go:447.3,447.33 1 0
github.com/aegisgatesecurity/aegisgate-platform/pkg/mcpserver/guardrails.go:447.33,450.42 3 0
github.com/aegisgatesecurity/aegisgate-platform/pkg/mcpserver/guardrails.go:450.42,453.5 2 0
github.com/aegisgatesecurity/aegisgate-platform/pkg/mcpserver/guardrails.go:454.4,454.64 1 0
github.com/aegisgatesecurity/aegisgate-platform/pkg/mcpserver/guardrails.go:454.64,456.5 1 0
github.com/aegisgatesecurity/aegisgate-platform/pkg/mcpserver/guardrails.go:460.3,460.62 1 0
github.com/aegisgatesecurity/aegisgate-platform/pkg/mcpserver/guardrails.go:460.62,463.42 3 0
github.com/aegisgatesecurity/aegisgate-platform/pkg/mcpserver/guardrails.go:463.42,465.5 1 0
github.com/aegisgatesecurity/aegisgate-platform/pkg/mcpserver/guardrails.go:467.4,467.25 1 0
github.com/aegisgatesecurity/aegisgate-platform/pkg/mcpserver/guardrails.go:467.25,469.64 2 0
github.com/aegisgatesecurity/aegisgate-platform/pkg/mcpserver/guardrails.go:469.64,470.46 1 0
github.com/aegisgatesecurity/aegisgate-platform/pkg/mcpserver/guardrails.go:470.46,472.7 1 0
github.com/aegisgatesecurity/aegisgate-platform/pkg/mcpserver/guardrails.go:476.4,476.60 1 0
github.com/aegisgatesecurity/aegisgate-platform/pkg/mcpserver/guardrails.go:476.60,478.5 1 0
github.com/aegisgatesecurity/aegisgate-platform/pkg/mcpserver/guardrails.go:484.3,484.62 1 0
github.com/aegisgatesecurity/aegisgate-platform/pkg/mcpserver/guardrails.go:484.62,486.22 2 0
github.com/aegisgatesecurity/aegisgate-platform/pkg/mcpserver/guardrails.go:486.22,492.5 1 0
github.com/aegisgatesecurity/aegisgate-platform/pkg/mcpserver/guardrails.go:500.3,500.40 1 0
github.com/aegisgatesecurity/aegisgate-platform/pkg/mcpserver/guardrails.go:525.54,527.17 2 0
github.com/aegisgatesecurity/aegisgate-platform/pkg/mcpserver/guardrails.go:527.17,529.3 1 0
github.com/aegisgatesecurity/aegisgate-platform/pkg/mcpserver/guardrails.go:531.2,532.18 2 0
github.com/aegisgatesecurity/aegisgate-platform/pkg/mcpserver/guardrails.go:532.18,534.3 1 0
github.com/aegisgatesecurity/aegisgate-platform/pkg/mcpserver/guardrails.go:536.2,540.22 4 0
github.com/aegisgatesecurity/aegisgate-platform/pkg/mcpserver/guardrails.go:540.22,542.3 1 0
github.com/aegisgatesecurity/aegisgate-platform/pkg/mcpserver/guardrails.go:544.2,557.3 1 0
github.com/aegisgatesecurity/aegisgate-platform/pkg/mcpserver/guardrails.go:561.39,568.2 2 0
github.com/aegisgatesecurity/aegisgate-platform/pkg/mcpserver/guardrails.go:575.88,583.2 1 0
github.com/aegisgatesecurity/aegisgate-platform/pkg/mcpserver/guardrails.go:586.65,589.2 1 0
github.com/aegisgatesecurity/aegisgate-platform/pkg/mcpserver/server.go:45.30,52.2 1 0
github.com/aegisgatesecurity/aegisgate-platform/pkg/mcpserver/server.go:65.53,66.16 1 1
github.com/aegisgatesecurity/aegisgate-platform/pkg/mcpserver/server.go:66.16,68.3 1 0
github.com/aegisgatesecurity/aegisgate-platform/pkg/mcpserver/server.go:70.2,79.44 6 1
github.com/aegisgatesecurity/aegisgate-platform/pkg/mcpserver/server.go:79.44,81.3 1 1
github.com/aegisgatesecurity/aegisgate-platform/pkg/mcpserver/server.go:84.2,97.3 5 1
github.com/aegisgatesecurity/aegisgate-platform/pkg/mcpserver/server.go:101.57,103.2 1 0
github.com/aegisgatesecurity/aegisgate-platform/pkg/mcpserver/server.go:106.41,119.55 4 1
github.com/aegisgatesecurity/aegisgate-platform/pkg/mcpserver/server.go:119.55,121.3 1 0
github.com/aegisgatesecurity/aegisgate-platform/pkg/mcpserver/server.go:123.2,124.12 2 1
github.com/aegisgatesecurity/aegisgate-platform/pkg/mcpserver/server.go:128.40,130.22 2 1
github.com/aegisgatesecurity/aegisgate-platform/pkg/mcpserver/server.go:130.22,132.3 1 1
github.com/aegisgatesecurity/aegisgate-platform/pkg/mcpserver/server.go:133.2,134.12 2 1
github.com/aegisgatesecurity/aegisgate-platform/pkg/mcpserver/server.go:146.125,156.16 3 0
github.com/aegisgatesecurity/aegisgate-platform/pkg/mcpserver/server.go:156.16,158.3 1 0
github.com/aegisgatesecurity/aegisgate-platform/pkg/mcpserver/server.go:160.2,165.8 1 0
github.com/aegisgatesecurity/aegisgate-platform/pkg/mcpserver/server.go:173.84,176.49 3 0
github.com/aegisgatesecurity/aegisgate-platform/pkg/mcpserver/server.go:176.49,178.3 1 0
github.com/aegisgatesecurity/aegisgate-platform/pkg/mcpserver/server.go:180.2,188.4 1 0
github.com/aegisgatesecurity/aegisgate-platform/pkg/mcpserver/server.go:196.106,198.16 2 0
github.com/aegisgatesecurity/aegisgate-platform/pkg/mcpserver/server.go:198.16,200.3 1 0
github.com/aegisgatesecurity/aegisgate-platform/pkg/mcpserver/server.go:201.2,204.8 1 0
github.com/aegisgatesecurity/aegisgate-platform/pkg/mcpserver/server.go:207.105,209.16 2 0
github.com/aegisgatesecurity/aegisgate-platform/pkg/mcpserver/server.go:209.16,211.3 1 0
github.com/aegisgatesecurity/aegisgate-platform/pkg/mcpserver/server.go:212.2,215.8 1 0
github.com/aegisgatesecurity/aegisgate-platform/pkg/mcpserver/server.go:218.92,220.2 1 0
github.com/aegisgatesecurity/aegisgate-platform/pkg/mcpserver/tools.go:31.80,47.81 4 0
github.com/aegisgatesecurity/aegisgate-platform/pkg/mcpserver/tools.go:47.81,50.4 2 0
github.com/aegisgatesecurity/aegisgate-platform/pkg/mcpserver/tools.go:52.2,57.81 1 0
github.com/aegisgatesecurity/aegisgate-platform/pkg/mcpserver/tools.go:57.81,60.4 2 0
github.com/aegisgatesecurity/aegisgate-platform/pkg/mcpserver/tools.go:62.2,72.81 1 0
github.com/aegisgatesecurity/aegisgate-platform/pkg/mcpserver/tools.go:72.81,75.4 2 0
github.com/aegisgatesecurity/aegisgate-platform/pkg/mcpserver/tools.go:77.2,82.81 1 0
github.com/aegisgatesecurity/aegisgate-platform/pkg/mcpserver/tools.go:82.81,85.4 2 0
github.com/aegisgatesecurity/aegisgate-platform/pkg/mcpserver/tools.go:88.2,98.81 1 0
github.com/aegisgatesecurity/aegisgate-platform/pkg/mcpserver/tools.go:98.81,101.4 2 0
github.com/aegisgatesecurity/aegisgate-platform/pkg/mcpserver/tools.go:103.2,121.81 1 0
github.com/aegisgatesecurity/aegisgate-platform/pkg/mcpserver/tools.go:121.81,124.4 2 0
github.com/aegisgatesecurity/aegisgate-platform/pkg/mcpserver/tools.go:126.2,144.81 1 0
github.com/aegisgatesecurity/aegisgate-platform/pkg/mcpserver/tools.go:144.81,147.4 2 0
github.com/aegisgatesecurity/aegisgate-platform/pkg/mcpserver/tools.go:150.2,162.81 2 0
github.com/aegisgatesecurity/aegisgate-platform/pkg/mcpserver/tools.go:162.81,165.4 2 0
github.com/aegisgatesecurity/aegisgate-platform/pkg/mcpserver/tools.go:168.2,180.81 2 0
github.com/aegisgatesecurity/aegisgate-platform/pkg/mcpserver/tools.go:180.81,183.4 2 0
github.com/aegisgatesecurity/aegisgate-platform/pkg/mcpserver/tools.go:185.2,200.81 1 0
github.com/aegisgatesecurity/aegisgate-platform/pkg/mcpserver/tools.go:200.81,203.4 2 0
github.com/aegisgatesecurity/aegisgate-platform/pkg/mcpserver/tools.go:205.2,216.81 1 0
github.com/aegisgatesecurity/aegisgate-platform/pkg/mcpserver/tools.go:216.81,219.4 2 0
github.com/aegisgatesecurity/aegisgate-platform/pkg/mcpserver/tools.go:222.2,237.81 1 0
github.com/aegisgatesecurity/aegisgate-platform/pkg/mcpserver/tools.go:237.81,240.4 2 0
github.com/aegisgatesecurity/aegisgate-platform/pkg/mcpserver/tools.go:248.2,259.81 1 0
github.com/aegisgatesecurity/aegisgate-platform/pkg/mcpserver/tools.go:259.81,261.4 1 0
github.com/aegisgatesecurity/aegisgate-platform/pkg/mcpserver/tools.go:263.2,278.81 1 0
github.com/aegisgatesecurity/aegisgate-platform/pkg/mcpserver/tools.go:278.81,280.4 1 0
github.com/aegisgatesecurity/aegisgate-platform/pkg/mcpserver/tools.go:282.2,297.81 1 0
github.com/aegisgatesecurity/aegisgate-platform/pkg/mcpserver/tools.go:297.81,299.4 1 0
github.com/aegisgatesecurity/aegisgate-platform/pkg/mcpserver/tools.go:301.2,312.81 1 0
github.com/aegisgatesecurity/aegisgate-platform/pkg/mcpserver/tools.go:312.81,314.4 1 0
github.com/aegisgatesecurity/aegisgate-platform/pkg/mcpserver/tools.go:316.2,331.81 1 0
github.com/aegisgatesecurity/aegisgate-platform/pkg/mcpserver/tools.go:331.81,333.4 1 0
github.com/aegisgatesecurity/aegisgate-platform/pkg/mcpserver/tools.go:335.2,337.33 1 0
github.com/aegisgatesecurity/aegisgate-platform/pkg/mcpserver/tools.go:343.62,344.80 1 0
github.com/aegisgatesecurity/aegisgate-platform/pkg/mcpserver/tools.go:344.80,347.3 2 0
github.com/aegisgatesecurity/aegisgate-platform/pkg/mcpserver/tools.go:348.2,348.64 1 0
github.com/aegisgatesecurity/aegisgate-platform/pkg/mcpserver/tools.go:348.64,351.3 2 0
